build/outputs/logs/manifest-merger-debug-report.txt
-- Merging decision tree log ---
manifest
ADDED from AndroidManifest.xml:2:1-329:12
	package
		ADDED from AndroidManifest.xml:3:5-33
		INJECTED from AndroidManifest.xml
		INJECTED from AndroidManifest.xml
	android:versionName
		ADDED from AndroidManifest.xml:5:5-32
		INJECTED from AndroidManifest.xml
		INJECTED from AndroidManifest.xml
	android:versionCode
		ADDED from AndroidManifest.xml:4:5-29
		INJECTED from AndroidManifest.xml
		INJECTED from AndroidManifest.xml
	xmlns:android
		ADDED from AndroidManifest.xml:2:11-69
uses-sdk
ADDED from AndroidManifest.xml:7:5-9:41
MERGED from [com.android.support:recyclerview-v7:23.3.0] AndroidManifest.xml:20:5-43
MERGED from [com.android.support:support-v4:23.3.0] AndroidManifest.xml:20:5-43
MERGED from [com.android.support:support-v4:23.3.0] AndroidManifest.xml:20:5-43
	android:targetSdkVersion
		ADDED from AndroidManifest.xml:9:9-38
	android:minSdkVersion
		ADDED from AndroidManifest.xml:8:9-34
uses-permission#android.permission.VIBRATE
ADDED from AndroidManifest.xml:11:5-66
	android:name
		ADDED from AndroidManifest.xml:11:22-63
uses-permission#android.permission.INTERNET
ADDED from AndroidManifest.xml:12:5-67
	android:name
		ADDED from AndroidManifest.xml:12:22-64
uses-permission#android.permission.RECORD_AUDIO
ADDED from AndroidManifest.xml:13:5-71
	android:name
		ADDED from AndroidManifest.xml:13:22-68
uses-permission#android.permission.CAMERA
ADDED from AndroidManifest.xml:14:5-65
	android:name
		ADDED from AndroidManifest.xml:14:22-62
uses-permission#android.permission.ACCESS_NETWORK_STATE
ADDED from AndroidManifest.xml:15:5-79
	android:name
		ADDED from AndroidManifest.xml:15:22-76
uses-permission#android.permission.WRITE_EXTERNAL_STORAGE
ADDED from AndroidManifest.xml:16:5-81
	android:name
		ADDED from AndroidManifest.xml:16:22-78
uses-permission#android.permission.MOUNT_UNMOUNT_FILESYSTEMS
ADDED from AndroidManifest.xml:17:5-84
	android:name
		ADDED from AndroidManifest.xml:17:22-81
uses-permission#android.permission.ACCESS_FINE_LOCATION
ADDED from AndroidManifest.xml:18:5-79
	android:name
		ADDED from AndroidManifest.xml:18:22-76
uses-permission#android.permission.GET_TASKS
ADDED from AndroidManifest.xml:19:5-68
	android:name
		ADDED from AndroidManifest.xml:19:22-65
uses-permission#android.permission.ACCESS_WIFI_STATE
ADDED from AndroidManifest.xml:20:5-76
	android:name
		ADDED from AndroidManifest.xml:20:22-73
uses-permission#android.permission.CHANGE_WIFI_STATE
ADDED from AndroidManifest.xml:21:5-76
	android:name
		ADDED from AndroidManifest.xml:21:22-73
uses-permission#android.permission.WAKE_LOCK
ADDED from AndroidManifest.xml:22:5-68
	android:name
		ADDED from AndroidManifest.xml:22:22-65
uses-permission#android.permission.MODIFY_AUDIO_SETTINGS
ADDED from AndroidManifest.xml:23:5-80
	android:name
		ADDED from AndroidManifest.xml:23:22-77
uses-permission#android.permission.READ_PHONE_STATE
ADDED from AndroidManifest.xml:24:5-75
	android:name
		ADDED from AndroidManifest.xml:24:22-72
uses-permission#android.permission.RECEIVE_BOOT_COMPLETED
ADDED from AndroidManifest.xml:25:5-81
	android:name
		ADDED from AndroidManifest.xml:25:22-78
uses-permission#android.permission.GET_ACCOUNTS
ADDED from AndroidManifest.xml:26:5-71
	android:name
		ADDED from AndroidManifest.xml:26:22-68
uses-permission#android.permission.USE_CREDENTIALS
ADDED from AndroidManifest.xml:27:5-74
	android:name
		ADDED from AndroidManifest.xml:27:22-71
uses-permission#android.permission.MANAGE_ACCOUNTS
ADDED from AndroidManifest.xml:28:5-74
	android:name
		ADDED from AndroidManifest.xml:28:22-71
uses-permission#android.permission.AUTHENTICATE_ACCOUNTS
ADDED from AndroidManifest.xml:29:5-80
	android:name
		ADDED from AndroidManifest.xml:29:22-77
uses-permission#com.android.launcher.permission.READ_SETTINGS
ADDED from AndroidManifest.xml:30:5-85
	android:name
		ADDED from AndroidManifest.xml:30:22-82
uses-permission#android.permission.BROADCAST_STICKY
ADDED from AndroidManifest.xml:31:5-75
	android:name
		ADDED from AndroidManifest.xml:31:22-72
uses-permission#android.permission.WRITE_SETTINGS
ADDED from AndroidManifest.xml:32:5-73
	android:name
		ADDED from AndroidManifest.xml:32:22-70
uses-permission#com.google.android.c2dm.permission.RECEIVE
ADDED from AndroidManifest.xml:33:5-82
	android:name
		ADDED from AndroidManifest.xml:33:22-79
permission#com.easemob.chatuidemo.permission.C2D_MESSAGE
ADDED from AndroidManifest.xml:35:5-37:47
	android:protectionLevel
		ADDED from AndroidManifest.xml:37:9-44
	android:name
		ADDED from AndroidManifest.xml:36:9-69
uses-permission#com.easemob.chatuidemo.permission.C2D_MESSAGE
ADDED from AndroidManifest.xml:39:5-85
	android:name
		ADDED from AndroidManifest.xml:39:22-82
android:uses-permission#android.permission.READ_EXTERNAL_STORAGE
ADDED from AndroidManifest.xml:41:5-88
	android:name
		ADDED from AndroidManifest.xml:41:30-85
application
ADDED from AndroidManifest.xml:43:5-327:19
MERGED from [com.android.support:support-v4:23.3.0] AndroidManifest.xml:22:5-20
MERGED from [com.android.support:support-v4:23.3.0] AndroidManifest.xml:22:5-20
	android:label
		ADDED from AndroidManifest.xml:47:9-41
	android:allowBackup
		ADDED from AndroidManifest.xml:45:9-35
	android:icon
		ADDED from AndroidManifest.xml:46:9-45
	android:name
		ADDED from AndroidManifest.xml:44:9-46
activity#cn.ucai.fulicenter.activity.MainActivity
ADDED from AndroidManifest.xml:48:9-53:64
	android:screenOrientation
		ADDED from AndroidManifest.xml:51:13-49
	android:launchMode
		ADDED from AndroidManifest.xml:50:13-44
	android:windowSoftInputMode
		ADDED from AndroidManifest.xml:53:13-52
	android:theme
		ADDED from AndroidManifest.xml:52:13-52
	android:name
		ADDED from AndroidManifest.xml:49:13-50
activity#cn.ucai.fulicenter.activity.FuliCenterMainActivity
ADDED from AndroidManifest.xml:54:9-59:64
	android:screenOrientation
		ADDED from AndroidManifest.xml:57:13-49
	android:launchMode
		ADDED from AndroidManifest.xml:56:13-44
	android:windowSoftInputMode
		ADDED from AndroidManifest.xml:59:13-52
	android:theme
		ADDED from AndroidManifest.xml:58:13-52
	android:name
		ADDED from AndroidManifest.xml:55:13-60
activity#cn.ucai.fulicenter.activity.SplashActivity
ADDED from AndroidManifest.xml:61:9-70:20
	android:screenOrientation
		ADDED from AndroidManifest.xml:63:13-49
	android:theme
		ADDED from AndroidManifest.xml:64:13-52
	android:name
		ADDED from AndroidManifest.xml:62:13-52
intent-filter#android.intent.action.MAIN+android.intent.category.LAUNCHER
ADDED from AndroidManifest.xml:65:13-69:29
action#android.intent.action.MAIN
ADDED from AndroidManifest.xml:66:17-69
	android:name
		ADDED from AndroidManifest.xml:66:25-66
category#android.intent.category.LAUNCHER
ADDED from AndroidManifest.xml:68:17-77
	android:name
		ADDED from AndroidManifest.xml:68:27-74
activity#cn.ucai.fulicenter.activity.LoginActivity
ADDED from AndroidManifest.xml:73:9-77:80
	android:screenOrientation
		ADDED from AndroidManifest.xml:75:13-49
	android:windowSoftInputMode
		ADDED from AndroidManifest.xml:77:13-68
	android:theme
		ADDED from AndroidManifest.xml:76:13-52
	android:name
		ADDED from AndroidManifest.xml:74:13-51
activity#cn.ucai.fulicenter.activity.RegisterActivity
ADDED from AndroidManifest.xml:80:9-84:80
	android:screenOrientation
		ADDED from AndroidManifest.xml:82:13-49
	android:windowSoftInputMode
		ADDED from AndroidManifest.xml:84:13-68
	android:theme
		ADDED from AndroidManifest.xml:83:13-52
	android:name
		ADDED from AndroidManifest.xml:81:13-54
activity#cn.ucai.fulicenter.activity.ChatActivity
ADDED from AndroidManifest.xml:86:9-91:67
	android:screenOrientation
		ADDED from AndroidManifest.xml:89:13-49
	android:launchMode
		ADDED from AndroidManifest.xml:88:13-43
	android:windowSoftInputMode
		ADDED from AndroidManifest.xml:91:13-55
	android:theme
		ADDED from AndroidManifest.xml:90:13-52
	android:name
		ADDED from AndroidManifest.xml:87:13-50
activity#cn.ucai.fulicenter.activity.AddContactActivity
ADDED from AndroidManifest.xml:93:9-97:67
	android:screenOrientation
		ADDED from AndroidManifest.xml:95:13-49
	android:windowSoftInputMode
		ADDED from AndroidManifest.xml:97:13-55
	android:theme
		ADDED from AndroidManifest.xml:96:13-52
	android:name
		ADDED from AndroidManifest.xml:94:13-56
activity#cn.ucai.fulicenter.activity.BaiduMapActivity
ADDED from AndroidManifest.xml:100:9-103:64
	android:screenOrientation
		ADDED from AndroidManifest.xml:102:13-49
	android:theme
		ADDED from AndroidManifest.xml:103:13-52
	android:name
		ADDED from AndroidManifest.xml:101:13-54
activity#cn.ucai.fulicenter.activity.NewFriendsMsgActivity
ADDED from AndroidManifest.xml:106:9-109:64
	android:screenOrientation
		ADDED from AndroidManifest.xml:108:13-49
	android:theme
		ADDED from AndroidManifest.xml:109:13-52
	android:name
		ADDED from AndroidManifest.xml:107:13-59
activity#cn.ucai.fulicenter.activity.ForwardMessageActivity
ADDED from AndroidManifest.xml:111:9-115:64
	android:screenOrientation
		ADDED from AndroidManifest.xml:113:13-49
	android:windowSoftInputMode
		ADDED from AndroidManifest.xml:115:13-52
	android:theme
		ADDED from AndroidManifest.xml:114:13-52
	android:name
		ADDED from AndroidManifest.xml:112:13-60
activity#cn.ucai.fulicenter.activity.ContextMenu
ADDED from AndroidManifest.xml:117:9-120:61
	android:screenOrientation
		ADDED from AndroidManifest.xml:119:13-49
	android:theme
		ADDED from AndroidManifest.xml:120:13-49
	android:name
		ADDED from AndroidManifest.xml:118:13-49
activity#cn.ucai.fulicenter.activity.AlertDialog
ADDED from AndroidManifest.xml:122:9-125:61
	android:screenOrientation
		ADDED from AndroidManifest.xml:124:13-49
	android:theme
		ADDED from AndroidManifest.xml:125:13-49
	android:name
		ADDED from AndroidManifest.xml:123:13-49
activity#cn.ucai.fulicenter.activity.ShowBigImage
ADDED from AndroidManifest.xml:127:9-130:64
	android:screenOrientation
		ADDED from AndroidManifest.xml:129:13-49
	android:theme
		ADDED from AndroidManifest.xml:130:13-52
	android:name
		ADDED from AndroidManifest.xml:128:13-50
activity#cn.ucai.fulicenter.activity.ShowNormalFileActivity
ADDED from AndroidManifest.xml:132:9-135:64
	android:screenOrientation
		ADDED from AndroidManifest.xml:134:13-49
	android:theme
		ADDED from AndroidManifest.xml:135:13-52
	android:name
		ADDED from AndroidManifest.xml:133:13-60
activity#cn.ucai.fulicenter.activity.BlacklistActivity
ADDED from AndroidManifest.xml:137:9-140:64
	android:screenOrientation
		ADDED from AndroidManifest.xml:139:13-49
	android:theme
		ADDED from AndroidManifest.xml:140:13-52
	android:name
		ADDED from AndroidManifest.xml:138:13-55
activity#cn.ucai.fulicenter.activity.PublicChatRoomsActivity
ADDED from AndroidManifest.xml:141:9-145:64
	android:screenOrientation
		ADDED from AndroidManifest.xml:143:13-49
	android:windowSoftInputMode
		ADDED from AndroidManifest.xml:145:13-52
	android:theme
		ADDED from AndroidManifest.xml:144:13-52
	android:name
		ADDED from AndroidManifest.xml:142:13-61
activity#cn.ucai.fulicenter.activity.VoiceCallActivity
ADDED from AndroidManifest.xml:148:9-152:60
	android:screenOrientation
		ADDED from AndroidManifest.xml:151:13-49
	android:launchMode
		ADDED from AndroidManifest.xml:150:13-44
	android:theme
		ADDED from AndroidManifest.xml:152:13-48
	android:name
		ADDED from AndroidManifest.xml:149:13-55
activity#cn.ucai.fulicenter.activity.VideoCallActivity
ADDED from AndroidManifest.xml:154:9-159:64
	android:screenOrientation
		ADDED from AndroidManifest.xml:158:13-49
	android:launchMode
		ADDED from AndroidManifest.xml:157:13-44
	android:configChanges
		ADDED from AndroidManifest.xml:156:13-74
	android:theme
		ADDED from AndroidManifest.xml:159:13-52
	android:name
		ADDED from AndroidManifest.xml:155:13-55
activity#cn.ucai.fulicenter.activity.EditActivity
ADDED from AndroidManifest.xml:160:9-164:67
	android:screenOrientation
		ADDED from AndroidManifest.xml:162:13-49
	android:windowSoftInputMode
		ADDED from AndroidManifest.xml:164:13-55
	android:theme
		ADDED from AndroidManifest.xml:163:13-52
	android:name
		ADDED from AndroidManifest.xml:161:13-50
activity#cn.ucai.fulicenter.activity.ShowVideoActivity
ADDED from AndroidManifest.xml:165:9-169:72
	android:screenOrientation
		ADDED from AndroidManifest.xml:167:13-49
	android:windowSoftInputMode
		ADDED from AndroidManifest.xml:169:13-60
	android:theme
		ADDED from AndroidManifest.xml:168:13-52
	android:name
		ADDED from AndroidManifest.xml:166:13-55
activity#cn.ucai.fulicenter.activity.ImageGridActivity
ADDED from AndroidManifest.xml:171:9-175:72
	android:screenOrientation
		ADDED from AndroidManifest.xml:173:13-49
	android:windowSoftInputMode
		ADDED from AndroidManifest.xml:175:13-60
	android:theme
		ADDED from AndroidManifest.xml:174:13-52
	android:name
		ADDED from AndroidManifest.xml:172:13-55
activity#cn.ucai.fulicenter.activity.RecorderVideoActivity
ADDED from AndroidManifest.xml:176:9-180:72
	android:screenOrientation
		ADDED from AndroidManifest.xml:178:13-49
	android:windowSoftInputMode
		ADDED from AndroidManifest.xml:180:13-60
	android:theme
		ADDED from AndroidManifest.xml:179:13-52
	android:name
		ADDED from AndroidManifest.xml:177:13-59
activity#cn.ucai.fulicenter.activity.DiagnoseActivity
ADDED from AndroidManifest.xml:182:9-186:72
	android:screenOrientation
		ADDED from AndroidManifest.xml:184:13-49
	android:windowSoftInputMode
		ADDED from AndroidManifest.xml:186:13-60
	android:theme
		ADDED from AndroidManifest.xml:185:13-52
	android:name
		ADDED from AndroidManifest.xml:183:13-54
activity#cn.ucai.fulicenter.activity.OfflinePushNickActivity
ADDED from AndroidManifest.xml:189:9-193:72
	android:screenOrientation
		ADDED from AndroidManifest.xml:191:13-49
	android:windowSoftInputMode
		ADDED from AndroidManifest.xml:193:13-60
	android:theme
		ADDED from AndroidManifest.xml:192:13-52
	android:name
		ADDED from AndroidManifest.xml:190:13-61
activity#cn.ucai.fulicenter.activity.RobotsActivity
ADDED from AndroidManifest.xml:195:9-199:63
	android:screenOrientation
		ADDED from AndroidManifest.xml:197:13-49
	android:windowSoftInputMode
		ADDED from AndroidManifest.xml:199:13-60
	android:theme
		ADDED from AndroidManifest.xml:198:13-52
	android:name
		ADDED from AndroidManifest.xml:196:13-52
activity#cn.ucai.fulicenter.activity.UserProfileActivity
ADDED from AndroidManifest.xml:201:9-204:55
	android:screenOrientation
		ADDED from AndroidManifest.xml:203:13-49
	android:theme
		ADDED from AndroidManifest.xml:204:13-52
	android:name
		ADDED from AndroidManifest.xml:202:13-57
receiver#com.easemob.chat.StartServiceReceiver
ADDED from AndroidManifest.xml:207:9-214:20
	android:name
		ADDED from AndroidManifest.xml:207:19-71
intent-filter#android.intent.action.BOOT_COMPLETED+android.intent.action.QUICKBOOT_POWERON+android.intent.category.LAUNCHER
ADDED from AndroidManifest.xml:208:13-213:29
	android:priority
		ADDED from AndroidManifest.xml:208:28-51
action#android.intent.action.BOOT_COMPLETED
ADDED from AndroidManifest.xml:209:17-79
	android:name
		ADDED from AndroidManifest.xml:209:25-76
action#android.intent.action.QUICKBOOT_POWERON
ADDED from AndroidManifest.xml:210:17-82
	android:name
		ADDED from AndroidManifest.xml:210:25-79
receiver#com.easemob.chat.EMGCMBroadcastReceiver
ADDED from AndroidManifest.xml:217:9-226:20
	android:exported
		ADDED from AndroidManifest.xml:219:13-36
	android:permission
		ADDED from AndroidManifest.xml:220:13-73
	android:name
		ADDED from AndroidManifest.xml:218:13-67
intent-filter#com.easemob.chatuidemo+com.google.android.c2dm.intent.RECEIVE
ADDED from AndroidManifest.xml:221:13-225:29
action#com.google.android.c2dm.intent.RECEIVE
ADDED from AndroidManifest.xml:222:17-81
	android:name
		ADDED from AndroidManifest.xml:222:25-78
category#com.easemob.chatuidemo
ADDED from AndroidManifest.xml:224:17-67
	android:name
		ADDED from AndroidManifest.xml:224:27-64
service#com.easemob.chat.EMGCMListenerService
ADDED from AndroidManifest.xml:228:9-230:48
	android:exported
		ADDED from AndroidManifest.xml:230:13-37
	android:name
		ADDED from AndroidManifest.xml:229:13-65
receiver#cn.ucai.fulicenter.receiver.GCMPushBroadCast
ADDED from AndroidManifest.xml:232:9-240:20
	android:exported
		ADDED from AndroidManifest.xml:234:13-37
	android:name
		ADDED from AndroidManifest.xml:233:13-54
intent-filter#com.easemob.chatuidemo+com.easemob.sdk.push
ADDED from AndroidManifest.xml:235:13-239:29
action#com.easemob.sdk.push
ADDED from AndroidManifest.xml:236:17-63
	android:name
		ADDED from AndroidManifest.xml:236:25-60
meta-data#EASEMOB_APPKEY
ADDED from AndroidManifest.xml:245:9-247:58
	android:value
		ADDED from AndroidManifest.xml:247:13-55
	android:name
		ADDED from AndroidManifest.xml:246:13-42
service#com.easemob.chat.EMChatService
ADDED from AndroidManifest.xml:249:9-66
	android:name
		ADDED from AndroidManifest.xml:249:18-63
receiver#com.easemob.chat.EMMonitorReceiver
ADDED from AndroidManifest.xml:251:9-261:20
	android:name
		ADDED from AndroidManifest.xml:251:19-68
intent-filter#android.intent.action.PACKAGE_REMOVED
ADDED from AndroidManifest.xml:252:13-256:29
action#android.intent.action.PACKAGE_REMOVED
ADDED from AndroidManifest.xml:253:17-80
	android:name
		ADDED from AndroidManifest.xml:253:25-77
data
ADDED from AndroidManifest.xml:255:17-50
	android:scheme
		ADDED from AndroidManifest.xml:255:23-47
intent-filter#android.intent.action.BOOT_COMPLETED+android.intent.action.USER_PRESENT
ADDED from AndroidManifest.xml:257:13-260:29
action#android.intent.action.USER_PRESENT
ADDED from AndroidManifest.xml:259:17-77
	android:name
		ADDED from AndroidManifest.xml:259:25-74
service#com.baidu.location.f
ADDED from AndroidManifest.xml:264:9-267:41
	android:enabled
		ADDED from AndroidManifest.xml:266:13-35
	android:process
		ADDED from AndroidManifest.xml:267:13-38
	android:name
		ADDED from AndroidManifest.xml:265:13-48
meta-data#UMENG_APPKEY
ADDED from AndroidManifest.xml:269:9-271:66
	android:value
		ADDED from AndroidManifest.xml:271:13-53
	android:name
		ADDED from AndroidManifest.xml:270:13-40
meta-data#com.baidu.lbsapi.API_KEY
ADDED from AndroidManifest.xml:272:9-274:64
	android:value
		ADDED from AndroidManifest.xml:274:13-61
	android:name
		ADDED from AndroidManifest.xml:273:13-52
activity#cn.ucai.fulicenter.activity.GoodDetailActivity
ADDED from AndroidManifest.xml:276:9-278:54
	android:screenOrientation
		ADDED from AndroidManifest.xml:277:13-49
	android:theme
		ADDED from AndroidManifest.xml:278:13-52
	android:name
		ADDED from AndroidManifest.xml:276:19-62
activity#cn.ucai.fulicenter.activity.BoutiqueChildActivity
ADDED from AndroidManifest.xml:279:9-282:55
	android:screenOrientation
		ADDED from AndroidManifest.xml:281:13-49
	android:theme
		ADDED from AndroidManifest.xml:282:13-52
	android:name
		ADDED from AndroidManifest.xml:280:13-59
activity#cn.ucai.fulicenter.activity.CategoryChildActivity
ADDED from AndroidManifest.xml:283:9-286:55
	android:screenOrientation
		ADDED from AndroidManifest.xml:285:13-49
	android:theme
		ADDED from AndroidManifest.xml:286:13-52
	android:name
		ADDED from AndroidManifest.xml:284:13-59
activity#cn.ucai.fulicenter.activity.SettingsActivity
ADDED from AndroidManifest.xml:287:9-290:55
	android:screenOrientation
		ADDED from AndroidManifest.xml:289:13-49
	android:theme
		ADDED from AndroidManifest.xml:290:13-52
	android:name
		ADDED from AndroidManifest.xml:288:13-54
activity#cn.ucai.fulicenter.activity.CollectActivity
ADDED from AndroidManifest.xml:291:9-294:55
	android:screenOrientation
		ADDED from AndroidManifest.xml:293:13-49
	android:theme
		ADDED from AndroidManifest.xml:294:13-52
	android:name
		ADDED from AndroidManifest.xml:292:13-53
activity#com.mob.tools.MobUIShell
ADDED from AndroidManifest.xml:297:9-316:20
	android:screenOrientation
		ADDED from AndroidManifest.xml:301:13-49
	android:windowSoftInputMode
		ADDED from AndroidManifest.xml:302:13-67
	android:configChanges
		ADDED from AndroidManifest.xml:300:13-74
	android:theme
		ADDED from AndroidManifest.xml:299:13-72
	android:name
		ADDED from AndroidManifest.xml:298:13-52
intent-filter#android.intent.action.VIEW+android.intent.category.BROWSABLE+android.intent.category.DEFAULT
ADDED from AndroidManifest.xml:304:13-309:29
action#android.intent.action.VIEW
ADDED from AndroidManifest.xml:306:17-69
	android:name
		ADDED from AndroidManifest.xml:306:25-66
category#android.intent.category.BROWSABLE
ADDED from AndroidManifest.xml:307:17-78
	android:name
		ADDED from AndroidManifest.xml:307:27-75
category#android.intent.category.DEFAULT
ADDED from AndroidManifest.xml:308:17-76
	android:name
		ADDED from AndroidManifest.xml:308:27-73
intent-filter#android.intent.category.DEFAULT+com.sina.weibo.sdk.action.ACTION_SDK_REQ_ACTIVITY
ADDED from AndroidManifest.xml:312:13-315:29
action#com.sina.weibo.sdk.action.ACTION_SDK_REQ_ACTIVITY
ADDED from AndroidManifest.xml:313:17-92
	android:name
		ADDED from AndroidManifest.xml:313:25-89
activity#cn.ucai.fulicenter.wxapi.WXEntryActivity
ADDED from AndroidManifest.xml:319:9-324:52
	android:screenOrientation
		ADDED from AndroidManifest.xml:324:13-49
	android:exported
		ADDED from AndroidManifest.xml:323:13-36
	android:configChanges
		ADDED from AndroidManifest.xml:322:13-74
	android:theme
		ADDED from AndroidManifest.xml:321:13-72
	android:name
		ADDED from AndroidManifest.xml:320:13-50